reports/io-github-qdsfdhvh/1-8-0-to-1-10-0/run-26309952830/phase1/before/shared/build/outputs/logs/manifest-merger-release-report.txt
-- Merging decision tree log ---
manifest
ADDED from ProcessLibraryManifest/release/tempAndroidManifest11272258795250649103.xml:2:13-83
INJECTED from ProcessLibraryManifest/release/tempAndroidManifest11272258795250649103.xml:2:13-83
	package
		INJECTED from ProcessLibraryManifest/release/tempAndroidManifest11272258795250649103.xml
	xmlns:android
		ADDED from ProcessLibraryManifest/release/tempAndroidManifest11272258795250649103.xml:2:23-81
uses-sdk
INJECTED from ProcessLibraryManifest/release/tempAndroidManifest11272258795250649103.xml reason: use-sdk injection requested
INJECTED from ProcessLibraryManifest/release/tempAndroidManifest11272258795250649103.xml
INJECTED from ProcessLibraryManifest/release/tempAndroidManifest11272258795250649103.xml
	android:targetSdkVersion
		INJECTED from ProcessLibraryManifest/release/tempAndroidManifest11272258795250649103.xml
	android:minSdkVersion
		INJECTED from ProcessLibraryManifest/release/tempAndroidManifest11272258795250649103.xml